/media/data3/users/huytq/miniconda3/envs/huy/lib/python3.11/site-packages/requests/__init__.py:113: RequestsDependencyWarning: urllib3 (2.6.3) or chardet (7.1.0)/charset_normalizer (3.4.5) doesn't match a supported version!
  warnings.warn(

Tim thay 9 file markdown

[1/9] Dang chunk: outputs_converted/Public001/main.md
  OK -> chunk_outputs_final/Public001/main_chunks.json
  Tong: 34 | Text: 34 | Table: 0

[2/9] Dang chunk: outputs_converted/Public002/main.md
  OK -> chunk_outputs_final/Public002/main_chunks.json
  Tong: 17 | Text: 17 | Table: 0

[3/9] Dang chunk: outputs_converted/Public003/main.md
  OK -> chunk_outputs_final/Public003/main_chunks.json
  Tong: 31 | Text: 31 | Table: 0

[4/9] Dang chunk: outputs_converted/Public004/main.md
  OK -> chunk_outputs_final/Public004/main_chunks.json
  Tong: 16 | Text: 16 | Table: 0

[5/9] Dang chunk: outputs_converted/Public005/main.md
  OK -> chunk_outputs_final/Public005/main_chunks.json
  Tong: 29 | Text: 29 | Table: 0

[6/9] Dang chunk: outputs_converted/Public006/main.md
  OK -> chunk_outputs_final/Public006/main_chunks.json
  Tong: 32 | Text: 32 | Table: 0

[7/9] Dang chunk: outputs_converted/Public278/main.md
  OK -> chunk_outputs_final/Public278/main_chunks.json
  Tong: 45 | Text: 45 | Table: 0

[8/9] Dang chunk: outputs_converted/Public282/main.md
  OK -> chunk_outputs_final/Public282/main_chunks.json
  Tong: 15 | Text: 15 | Table: 0

[9/9] Dang chunk: outputs_converted/Public283/main.md
  OK -> chunk_outputs_final/Public283/main_chunks.json
  Tong: 33 | Text: 18 | Table: 15

=== CHUNKING SUMMARY ===
Thanh cong: 9
That bai  : 0

